Looking for git in: git
Using git 2.25.1 from git
> git rev-parse --show-toplevel
> git rev-parse --git-dir
Open repository: /home/owlspec3086/Lambda_assignments/UI-III-Flexbox
> git status -z -u
> git symbolic-ref --short HEAD
> git rev-parse eric-anderson
> git rev-parse --symbolic-full-name eric-anderson@{u}
> git rev-list --left-right eric-anderson...refs/remotes/origin/eric-anderson
> git for-each-ref --format %(refname) %(objectname) --sort -committerdate
> git remote --verbose
> git config --get commit.template
> git show :great-idea/services.html
> git show :great-idea/css/index.css
> git ls-files --stage -- /home/owlspec3086/Lambda_assignments/UI-III-Flexbox/great-idea/services.html
> git ls-files --stage -- /home/owlspec3086/Lambda_assignments/UI-III-Flexbox/great-idea/css/index.css
> git check-ignore -v -z --stdin
> git cat-file -s 30bdc5e444b20b382b9b4fde7f0b80022c306fec
> git cat-file -s 58cb8d5869985ba12aac3fcdef0088fb0549e572
> git check-ignore -v -z --stdin
> git status -z -u
> git symbolic-ref --short HEAD
> git rev-parse eric-anderson
> git rev-parse --symbolic-full-name eric-anderson@{u}
> git rev-list --left-right eric-anderson...refs/remotes/origin/eric-anderson
> git for-each-ref --format %(refname) %(objectname) --sort -committerdate
> git remote --verbose
> git config --get commit.template
> git status -z -u
> git symbolic-ref --short HEAD
> git rev-parse eric-anderson
> git rev-parse --symbolic-full-name eric-anderson@{u}
> git rev-list --left-right eric-anderson...refs/remotes/origin/eric-anderson
> git for-each-ref --format %(refname) %(objectname) --sort -committerdate
> git remote --verbose
> git config --get commit.template
> git status -z -u
> git symbolic-ref --short HEAD
> git rev-parse eric-anderson
> git rev-parse --symbolic-full-name eric-anderson@{u}
> git rev-list --left-right eric-anderson...refs/remotes/origin/eric-anderson
> git for-each-ref --format %(refname) %(objectname) --sort -committerdate
> git remote --verbose
> git config --get commit.template
> git status -z -u
> git symbolic-ref --short HEAD
> git rev-parse eric-anderson
> git rev-parse --symbolic-full-name eric-anderson@{u}
> git rev-list --left-right eric-anderson...refs/remotes/origin/eric-anderson
> git for-each-ref --format %(refname) %(objectname) --sort -committerdate
> git remote --verbose
> git config --get commit.template
> git status -z -u
> git symbolic-ref --short HEAD
> git rev-parse eric-anderson
> git rev-parse --symbolic-full-name eric-anderson@{u}
> git rev-list --left-right eric-anderson...refs/remotes/origin/eric-anderson
> git for-each-ref --format %(refname) %(objectname) --sort -committerdate
> git remote --verbose
> git config --get commit.template
> git status -z -u
> git symbolic-ref --short HEAD
> git rev-parse eric-anderson
> git rev-parse --symbolic-full-name eric-anderson@{u}
> git rev-list --left-right eric-anderson...refs/remotes/origin/eric-anderson
> git for-each-ref --format %(refname) %(objectname) --sort -committerdate
> git remote --verbose
> git config --get commit.template
> git status -z -u
> git symbolic-ref --short HEAD
> git rev-parse eric-anderson
> git rev-parse --symbolic-full-name eric-anderson@{u}
> git rev-list --left-right eric-anderson...refs/remotes/origin/eric-anderson
> git for-each-ref --format %(refname) %(objectname) --sort -committerdate
> git remote --verbose
> git config --get commit.template
> git status -z -u
> git symbolic-ref --short HEAD
> git rev-parse eric-anderson
> git rev-parse --symbolic-full-name eric-anderson@{u}
> git rev-list --left-right eric-anderson...refs/remotes/origin/eric-anderson
> git for-each-ref --format %(refname) %(objectname) --sort -committerdate
> git remote --verbose
> git config --get commit.template
> git status -z -u
> git symbolic-ref --short HEAD
> git rev-parse eric-anderson
> git rev-parse --symbolic-full-name eric-anderson@{u}
> git rev-list --left-right eric-anderson...refs/remotes/origin/eric-anderson
> git for-each-ref --format %(refname) %(objectname) --sort -committerdate
> git remote --verbose
> git config --get commit.template
> git status -z -u
> git symbolic-ref --short HEAD
> git rev-parse eric-anderson
> git rev-parse --symbolic-full-name eric-anderson@{u}
> git rev-list --left-right eric-anderson...refs/remotes/origin/eric-anderson
> git for-each-ref --format %(refname) %(objectname) --sort -committerdate
> git remote --verbose
> git config --get commit.template
